<?xml version="1.0" encoding="utf-8"?><testsuites name="pytest tests"><testsuite name="pytest" errors="0" failures="0" skipped="0" tests="21" time="0.802" timestamp="2026-05-31T00:22:39.675343+09:00" hostname="test01"><testcase classname="tests.test_decision_fallback" name="test_decide_fallback_none" time="0.001" /><testcase classname="tests.test_decision_fallback" name="test_decide_fallback_string" time="0.000" /><testcase classname="tests.test_decision_fallback" name="test_decide_fallback_bool" time="0.000" /><testcase classname="tests.test_decision_fallback" name="test_validation_error_when_id_missing" time="0.000" /><testcase classname="tests.test_decision_fallback" name="test_validation_error_when_id_empty" time="0.000" /><testcase classname="tests.test_decision_fallback" name="test_make_decision_validates_and_returns_result" time="0.000" /><testcase classname="tests.test_decision_fallback" name="test_cli_reads_json_and_writes_decision" time="0.201" /><testcase classname="tests.test_decision_fallback" name="test_decision_and_fallback_reason_presence" time="0.001" /><testcase classname="tests.test_decision_fallback" name="test_observation_contains_required_fields" time="0.000" /><testcase classname="tests.test_decision_normal" name="test_decide_approve_90" time="0.000" /><testcase classname="tests.test_decision_normal" name="test_decide_approve_80" time="0.000" /><testcase classname="tests.test_decision_normal" name="test_decide_review_70" time="0.000" /><testcase classname="tests.test_decision_normal" name="test_decide_review_50" time="0.000" /><testcase classname="tests.test_decision_normal" name="test_decide_reject_30" time="0.000" /><testcase classname="tests.test_evidence_summary" name="test_generate_evidence_summary_creates_human_readable_reports" time="0.091" /><testcase classname="tests.test_release_gate" name="test_generate_evidence_creates_report" time="0.081" /><testcase classname="tests.test_release_gate" name="test_generate_traceability_matrix_creates_matrix" time="0.077" /><testcase classname="tests.test_release_gate" name="test_evaluate_release_gate_creates_release_decision" time="0.077" /><testcase classname="tests.test_release_gate" name="test_evaluate_release_gate_blocks_missing_traceability" time="0.072" /><testcase classname="tests.test_release_gate" name="test_evaluate_release_gate_blocks_incomplete_traceability_scope" time="0.068" /><testcase classname="tests.test_release_gate" name="test_release_scripts_exist" time="0.000" /></testsuite></testsuites>