<?xml version="1.0" encoding="utf-8"?><testsuites name="pytest tests"><testsuite name="pytest" errors="0" failures="0" skipped="0" tests="15" time="0.557" timestamp="2026-05-23T21:12:38.956780+09:00" hostname="test01"><testcase classname="tests.test_decision_fallback" name="test_decide_fallback_none" time="0.001" /><testcase classname="tests.test_decision_fallback" name="test_decide_fallback_string" time="0.000" /><testcase classname="tests.test_decision_fallback" name="test_decide_fallback_bool" time="0.000" /><testcase classname="tests.test_decision_fallback" name="test_validation_error_when_id_missing" time="0.008" /><testcase classname="tests.test_decision_fallback" name="test_validation_error_when_id_empty" time="0.002" /><testcase classname="tests.test_decision_fallback" name="test_decision_and_fallback_reason_presence" time="0.000" /><testcase classname="tests.test_decision_fallback" name="test_observation_contains_required_fields" time="0.000" /><testcase classname="tests.test_decision_normal" name="test_decide_approve_90" time="0.000" /><testcase classname="tests.test_decision_normal" name="test_decide_approve_80" time="0.000" /><testcase classname="tests.test_decision_normal" name="test_decide_review_70" time="0.000" /><testcase classname="tests.test_decision_normal" name="test_decide_review_50" time="0.001" /><testcase classname="tests.test_decision_normal" name="test_decide_reject_30" time="0.000" /><testcase classname="tests.test_release_gate" name="test_generate_evidence_creates_report" time="0.095" /><testcase classname="tests.test_release_gate" name="test_evaluate_release_gate_creates_release_decision" time="0.074" /><testcase classname="tests.test_release_gate" name="test_release_scripts_exist" time="0.000" /></testsuite></testsuites>